2025-03-13T17:41:25.895+09:00 DEBUG 70370 --- [fru1t-board] [SpringApplicationShutdownHook] o.s.b.a.ApplicationAvailabilityBean      : Application availability state ReadinessState changed from ACCEPTING_TRAFFIC to REFUSING_TRAFFIC
2025-03-13T17:41:25.915+09:00 DEBUG 70370 --- [fru1t-board] [SpringApplicationShutdownHook] ConfigServletWebServerApplicationContext : Closing org.springframework.boot.web.servlet.context.AnnotationConfigServletWebServerApplicationContext@5b64c4b7, started on Thu Mar 13 16:39:39 KST 2025
2025-03-13T17:41:25.984+09:00 DEBUG 70370 --- [fru1t-board] [SpringApplicationShutdownHook] o.s.c.support.DefaultLifecycleProcessor  : Stopping beans in phase 2147483647
2025-03-13T17:41:25.992+09:00 DEBUG 70370 --- [fru1t-board] [SpringApplicationShutdownHook] o.s.d.r.l.RedisMessageListenerContainer  : Stopped RedisMessageListenerContainer
2025-03-13T17:41:25.999+09:00 DEBUG 70370 --- [fru1t-board] [SpringApplicationShutdownHook] o.s.c.support.DefaultLifecycleProcessor  : Bean 'redisKeyValueAdapter' completed its stop procedure
2025-03-13T17:41:25.999+09:00 DEBUG 70370 --- [fru1t-board] [SpringApplicationShutdownHook] o.s.c.support.DefaultLifecycleProcessor  : Stopping beans in phase 2147482623
2025-03-13T17:41:26.016+09:00  INFO 70370 --- [fru1t-board] [SpringApplicationShutdownHook] o.s.b.w.e.tomcat.GracefulShutdown        : Commencing graceful shutdown. Waiting for active requests to complete
2025-03-13T17:41:26.029+09:00  INFO 70370 --- [fru1t-board] [tomcat-shutdown] o.s.b.w.e.tomcat.GracefulShutdown        : Graceful shutdown complete
2025-03-13T17:41:26.030+09:00 DEBUG 70370 --- [fru1t-board] [tomcat-shutdown] o.s.c.support.DefaultLifecycleProcessor  : Bean 'webServerGracefulShutdown' completed its stop procedure
2025-03-13T17:41:26.030+09:00 DEBUG 70370 --- [fru1t-board] [SpringApplicationShutdownHook] o.s.c.support.DefaultLifecycleProcessor  : Stopping beans in phase 2147481599
2025-03-13T17:41:26.039+09:00 DEBUG 70370 --- [fru1t-board] [SpringApplicationShutdownHook] o.s.c.support.DefaultLifecycleProcessor  : Bean 'webServerStartStop' completed its stop procedure
2025-03-13T17:41:26.039+09:00 DEBUG 70370 --- [fru1t-board] [SpringApplicationShutdownHook] o.s.c.support.DefaultLifecycleProcessor  : Stopping beans in phase 1073741823
2025-03-13T17:41:26.039+09:00 DEBUG 70370 --- [fru1t-board] [SpringApplicationShutdownHook] o.s.c.support.DefaultLifecycleProcessor  : Bean 'applicationTaskExecutor' completed its stop procedure
2025-03-13T17:41:26.039+09:00 DEBUG 70370 --- [fru1t-board] [SpringApplicationShutdownHook] o.s.c.support.DefaultLifecycleProcessor  : Stopping beans in phase 0
2025-03-13T17:41:26.081+09:00 DEBUG 70370 --- [fru1t-board] [SpringApplicationShutdownHook] o.s.c.support.DefaultLifecycleProcessor  : Bean 'redisConnectionFactory' completed its stop procedure
2025-03-13T17:41:26.081+09:00 DEBUG 70370 --- [fru1t-board] [SpringApplicationShutdownHook] o.s.c.support.DefaultLifecycleProcessor  : Stopping beans in phase -2147483647
2025-03-13T17:41:26.082+09:00 DEBUG 70370 --- [fru1t-board] [SpringApplicationShutdownHook] o.s.c.support.DefaultLifecycleProcessor  : Bean 'springBootLoggingLifecycle' completed its stop procedure
2025-03-13T17:41:26.086+09:00 DEBUG 70370 --- [fru1t-board] [SpringApplicationShutdownHook] o.s.s.concurrent.ThreadPoolTaskExecutor  : Shutting down ExecutorService 'applicationTaskExecutor'
2025-03-13T17:41:26.090+09:00 DEBUG 70370 --- [fru1t-board] [SpringApplicationShutdownHook] o.s.j.e.a.AnnotationMBeanExporter        : Unregistering JMX-exposed beans on shutdown
2025-03-13T17:41:26.091+09:00 DEBUG 70370 --- [fru1t-board] [SpringApplicationShutdownHook] o.s.j.e.a.AnnotationMBeanExporter        : Unregistering JMX-exposed beans
2025-03-13T17:41:26.102+09:00 DEBUG 70370 --- [fru1t-board] [SpringApplicationShutdownHook] o.s.b.f.support.DisposableBeanAdapter    : Unknown return value type from custom destroy method 'shutdown' on bean with name 'elasticsearchClient': class co.elastic.clients.elasticsearch.shutdown.ElasticsearchShutdownClient
2025-03-13T17:41:26.114+09:00 DEBUG 70370 --- [fru1t-board] [SpringApplicationShutdownHook] o.s.b.f.support.DisposableBeanAdapter    : Custom destroy method 'shutdown' on bean with name 'lettuceClientResources' completed asynchronously
2025-03-13T17:41:26.115+09:00  INFO 70370 --- [fru1t-board] [SpringApplicationShutdownHook] j.LocalContainerEntityManagerFactoryBean : Closing JPA EntityManagerFactory for persistence unit 'default'
2025-03-13T17:41:26.140+09:00  INFO 70370 --- [fru1t-board] [SpringApplicationShutdownHook] com.zaxxer.hikari.HikariDataSource       : HikariPool-1 - Shutdown initiated...
2025-03-13T17:41:26.166+09:00  INFO 70370 --- [fru1t-board] [SpringApplicationShutdownHook] com.zaxxer.hikari.HikariDataSource       : HikariPool-1 - Shutdown completed.
